nohup: 忽略输入
Warning: Using a password on the command line interface can be insecure.
Warning: Using a password on the command line interface can be insecure.
nohup: 忽略输入
Warning: Using a password on the command line interface can be insecure.
Warning: Using a password on the command line interface can be insecure.
Warning: Using a password on the command line interface can be insecure.
Warning: Using a password on the command line interface can be insecure.
Warning: Using a password on the command line interface can be insecure.
Warning: Using a password on the command line interface can be insecure.
nohup: 忽略输入
Warning: Using a password on the command line interface can be insecure.
Warning: Using a password on the command line interface can be insecure.
Warning: Using a password on the command line interface can be insecure.
Warning: Using a password on the command line interface can be insecure.
Warning: Using a password on the command line interface can be insecure.
Warning: Using a password on the command line interface can be insecure.
Warning: Using a password on the command line interface can be insecure.
Warning: Using a password on the command line interface can be insecure.
Warning: Using a password on the command line interface can be insecure.
mysqldump: Couldn't execute 'SHOW TRIGGERS LIKE 'hold\_stock\_day\_info'': Got error 28 from storage engine (1030)
Warning: Using a password on the command line interface can be insecure.
mysqldump: Error: 'Got error 28 from storage engine' when trying to dump tablespaces
mysqldump: Couldn't execute 'show fields from `all_stock`': Got error 28 from storage engine (1030)
Warning: Using a password on the command line interface can be insecure.
Warning: Using a password on the command line interface can be insecure.
Warning: Using a password on the command line interface can be insecure.
Warning: Using a password on the command line interface can be insecure.
Warning: Using a password on the command line interface can be insecure.
Warning: Using a password on the command line interface can be insecure.
nohup: 忽略输入
